01:24:36 PM: [INFO](./String_Utils/Code/String_Utils_Tests.c:48) Passed Test Capitalize

01:24:36 PM: [INFO](./String_Utils/Code/String_Utils_Tests.c:60) Passed Test Char_At

01:24:36 PM: [INFO](./String_Utils/Code/String_Utils_Tests.c:73) Passed Test Compare

01:24:36 PM: [INFO](./String_Utils/Code/String_Utils_Tests.c:87) Passed Test Concat

01:24:36 PM: [ERROR](./String_Utils/Code/String_Utils_Tests.c:109) Failed Test Count

01:24:36 PM: [ASSERT](./String_Utils/Code/String_Utils_Tests.c:109) An Assertion for 'String_Utils_count(string, delimiter, parameter_two) == 1' has failed!
01:24:36 PM: [INFO](./String_Utils/Code/String_Utils_Tests.c:123) Passed Test Ends_With

01:24:36 PM: [INFO](./String_Utils/Code/String_Utils_Tests.c:134) Passed Test Equals

01:24:36 PM: [ERROR](./String_Utils/Code/String_Utils_Tests.c:148) Failed Test From

01:24:36 PM: [ASSERT](./String_Utils/Code/String_Utils_Tests.c:148) An Assertion for 'strcmp(result_one, "I am an idiot!") == 0' has failed!
01:24:36 PM: [INFO](./String_Utils/Code/String_Utils_Tests.c:156) Skipping From Token!

01:24:36 PM: [INFO](./String_Utils/Code/String_Utils_Tests.c:181) Passed Test Index_Of

01:24:36 PM: [INFO](./String_Utils/Code/String_Utils_Tests.c:194) Passed Test Join

01:24:36 PM: [INFO](./String_Utils/Code/String_Utils_Tests.c:211) Passed Test Replace

01:24:36 PM: [INFO](./String_Utils/Code/String_Utils_Tests.c:223) Passed Test Reverse

01:24:36 PM: [INFO](./String_Utils/Code/String_Utils_Tests.c:232) Passed Test Set

01:24:36 PM: [INFO](./String_Utils/Code/String_Utils_Tests.c:249) Passed Test Split

01:24:36 PM: [INFO](./String_Utils/Code/String_Utils_Tests.c:260) Passed Test Starts_With

01:24:36 PM: [INFO](./String_Utils/Code/String_Utils_Tests.c:274) Passed Test Substring

01:24:36 PM: [INFO](./String_Utils/Code/String_Utils_Tests.c:286) Passed Test To_Lowercase

01:24:36 PM: [INFO](./String_Utils/Code/String_Utils_Tests.c:298) Passed Test To_Uppercase

01:24:36 PM: [INFO](./String_Utils/Code/String_Utils_Tests.c:310) Passed Test Trim

01:24:36 PM: [INFO](./String_Utils/Code/String_Utils_Tests.c:316) All tests finished!

